Load environment configuration
mkdir: created directory '/appsmith-stacks/git-storage'
RTS version v1.9.50 running at http://localhost:8091
ns:/# socket 2vTt2nMdhi2k7tY_AAAE joined the room app:6570b0421fe0f33e394139eb
ns:/# socket 2vTt2nMdhi2k7tY_AAAE left the room app:6570b0421fe0f33e394139eb
ns:/# socket 2vTt2nMdhi2k7tY_AAAE joined the room app:6570b0421fe0f33e394139eb
ns:/# socket 2vTt2nMdhi2k7tY_AAAE left the room app:6570b0421fe0f33e394139eb
ns:/# socket TWHwKmfxCzD_KQGTAAAL joined the room app:6570b1111fe0f33e394139f6
ns:/# socket TWHwKmfxCzD_KQGTAAAL left the room app:6570b1111fe0f33e394139f6
ns:/# socket TWHwKmfxCzD_KQGTAAAL joined the room app:6570b2a41fe0f33e394139fc
ns:/# socket TWHwKmfxCzD_KQGTAAAL left the room app:6570b2a41fe0f33e394139fc
ns:/# socket TWHwKmfxCzD_KQGTAAAL joined the room app:6570b2a41fe0f33e394139fc
ns:/# socket TWHwKmfxCzD_KQGTAAAL left the room app:6570b2a41fe0f33e394139fc
ns:/# socket TWHwKmfxCzD_KQGTAAAL joined the room app:6570b2a41fe0f33e394139fc
ns:/# socket TWHwKmfxCzD_KQGTAAAL left the room app:6570b2a41fe0f33e394139fc
ns:/# socket TWHwKmfxCzD_KQGTAAAL joined the room app:6570b2a41fe0f33e394139fc
ns:/# socket TWHwKmfxCzD_KQGTAAAL left the room app:6570b2a41fe0f33e394139fc
Load environment configuration
RTS version v1.9.50 running at http://localhost:8091
Load environment configuration
RTS version v1.9.50 running at http://localhost:8091
