2023-12-06 17:25:41.848 UTC [1805] LOG:  starting PostgreSQL 13.13 (Ubuntu 13.13-1.pgdg20.04+1) on x86_64-pc-linux-gnu, compiled by gcc (Ubuntu 9.4.0-1ubuntu1~20.04.2) 9.4.0, 64-bit
2023-12-06 17:25:41.848 UTC [1805] LOG:  listening on IPv4 address "127.0.0.1", port 5432
2023-12-06 17:25:41.856 UTC [1805] LOG:  listening on Unix socket "/var/run/postgresql/.s.PGSQL.5432"
2023-12-06 17:25:41.989 UTC [1827] LOG:  database system was shut down at 2023-12-06 17:25:40 UTC
2023-12-06 17:25:42.057 UTC [1805] LOG:  database system is ready to accept connections
2023-12-06 17:26:42.480 UTC [1836] WARNING:  could not open statistics file "pg_stat_tmp/global.stat": Operation not permitted
2023-12-06 17:32:22.306 UTC [2419] WARNING:  could not open statistics file "pg_stat_tmp/global.stat": Operation not permitted
2023-12-06 17:33:42.833 UTC [1836] WARNING:  could not open statistics file "pg_stat_tmp/global.stat": Operation not permitted
2023-12-06 17:34:22.715 UTC [2544] WARNING:  could not open statistics file "pg_stat_tmp/global.stat": Operation not permitted
2023-12-06 17:44:03.926 UTC [3031] WARNING:  could not open statistics file "pg_stat_tmp/global.stat": Operation not permitted
2023-12-06 17:45:43.922 UTC [3106] WARNING:  could not open statistics file "pg_stat_tmp/global.stat": Operation not permitted
2023-12-06 17:48:23.237 UTC [1836] WARNING:  could not open statistics file "pg_stat_tmp/global.stat": Operation not permitted
2023-12-06 17:58:44.848 UTC [3730] WARNING:  could not open statistics file "pg_stat_tmp/global.stat": Operation not permitted
2023-12-06 18:08:45.421 UTC [4212] WARNING:  could not open statistics file "pg_stat_tmp/global.stat": Operation not permitted
2023-12-06 18:09:06.035 UTC [4225] WARNING:  could not open statistics file "pg_stat_tmp/global.stat": Operation not permitted
2023-12-06 18:09:45.590 UTC [4260] WARNING:  could not open statistics file "pg_stat_tmp/global.stat": Operation not permitted
2023-12-06 18:10:22.778 UTC [1836] WARNING:  could not open statistics file "pg_stat_tmp/global.stat": Operation not permitted
2023-12-06 18:10:45.620 UTC [4310] WARNING:  could not open statistics file "pg_stat_tmp/global.stat": Operation not permitted
2023-12-06 18:14:22.887 UTC [4475] WARNING:  could not open statistics file "pg_stat_tmp/global.stat": Operation not permitted
2023-12-06 18:22:46.416 UTC [4871] WARNING:  could not open statistics file "pg_stat_tmp/global.stat": Operation not permitted
2023-12-06 18:47:08.864 UTC [5996] WARNING:  could not open statistics file "pg_stat_tmp/global.stat": Operation not permitted
2023-12-06 18:51:47.706 UTC [1836] WARNING:  could not open statistics file "pg_stat_tmp/global.stat": Operation not permitted
2023-12-06 19:00:10.019 UTC [6598] WARNING:  could not open statistics file "pg_stat_tmp/global.stat": Operation not permitted
2023-12-06 19:01:48.005 UTC [6669] WARNING:  could not open statistics file "pg_stat_tmp/global.stat": Operation not permitted
2023-12-06 19:02:24.651 UTC [1836] WARNING:  could not open statistics file "pg_stat_tmp/global.stat": Operation not permitted
2023-12-06 19:04:47.901 UTC [1836] WARNING:  could not open statistics file "pg_stat_tmp/global.stat": Operation not permitted
2023-12-06 19:19:11.215 UTC [1836] WARNING:  could not open statistics file "pg_stat_tmp/global.stat": Operation not permitted
2023-12-06 19:26:11.728 UTC [1836] WARNING:  could not open statistics file "pg_stat_tmp/global.stat": Operation not permitted
2023-12-06 19:42:11.031 UTC [1805] LOG:  received smart shutdown request
2023-12-06 19:42:11.045 UTC [1805] LOG:  background worker "logical replication launcher" (PID 1838) exited with exit code 1
2023-12-06 19:42:11.045 UTC [1833] LOG:  shutting down
2023-12-06 19:42:11.277 UTC [1805] LOG:  database system is shut down
2023-12-07 17:01:21.573 UTC [1489] LOG:  starting PostgreSQL 13.13 (Ubuntu 13.13-1.pgdg20.04+1) on x86_64-pc-linux-gnu, compiled by gcc (Ubuntu 9.4.0-1ubuntu1~20.04.2) 9.4.0, 64-bit
2023-12-07 17:01:21.573 UTC [1489] LOG:  listening on IPv4 address "127.0.0.1", port 5432
2023-12-07 17:01:21.601 UTC [1489] LOG:  listening on Unix socket "/var/run/postgresql/.s.PGSQL.5432"
2023-12-07 17:01:21.642 UTC [1507] LOG:  database system was shut down at 2023-12-06 19:42:11 UTC
2023-12-07 17:01:21.736 UTC [1489] LOG:  database system is ready to accept connections
2023-12-07 17:07:26.215 UTC [1489] LOG:  received smart shutdown request
2023-12-07 17:07:26.238 UTC [1489] LOG:  background worker "logical replication launcher" (PID 1516) exited with exit code 1
2023-12-07 17:07:26.250 UTC [1511] LOG:  shutting down
2023-12-07 17:07:26.398 UTC [1489] LOG:  database system is shut down
2023-12-07 17:07:50.764 UTC [1489] LOG:  starting PostgreSQL 13.13 (Ubuntu 13.13-1.pgdg20.04+1) on x86_64-pc-linux-gnu, compiled by gcc (Ubuntu 9.4.0-1ubuntu1~20.04.2) 9.4.0, 64-bit
2023-12-07 17:07:50.764 UTC [1489] LOG:  listening on IPv4 address "127.0.0.1", port 5432
2023-12-07 17:07:50.794 UTC [1489] LOG:  listening on Unix socket "/var/run/postgresql/.s.PGSQL.5432"
2023-12-07 17:07:50.845 UTC [1507] LOG:  database system was shut down at 2023-12-07 17:07:26 UTC
2023-12-07 17:07:50.934 UTC [1489] LOG:  database system is ready to accept connections
2023-12-07 17:09:08.402 UTC [1489] LOG:  received smart shutdown request
2023-12-07 17:09:08.416 UTC [1489] LOG:  background worker "logical replication launcher" (PID 1519) exited with exit code 1
2023-12-07 17:09:08.417 UTC [1511] LOG:  shutting down
2023-12-07 17:09:08.556 UTC [1489] LOG:  database system is shut down
